<?xml version="1.0" encoding="UTF-8"?>
<!-- Generated by org.testng.reporters.JUnitReportReporter -->
<testsuite hostname="DESKTOP-04BQL73" failures="0" tests="1" name="tests.LoginTest" time="6.077" errors="0" timestamp="2025-02-25T18:23:46 IST" skipped="0">
  <testcase classname="tests.LoginTest" name="testValidLogin" time="6.077"/>
</testsuite> <!-- tests.LoginTest -->
